<testsuites id="" name="" tests="24" failures="0" skipped="0" errors="1" time="46.043847">
<testsuite name="features/auth.spec.ts" timestamp="2026-06-11T08:44:58.486Z" hostname="chromium" tests="5" failures="0" skipped="0" time="10.712" errors="0">
<testcase name="Authentication › should display the login form with Sign In button" classname="features/auth.spec.ts" time="2.406">
</testcase>
<testcase name="Authentication › should login successfully with mocked API" classname="features/auth.spec.ts" time="2.983">
</testcase>
<testcase name="Authentication › should show validation errors for empty fields" classname="features/auth.spec.ts" time="2.014">
</testcase>
<testcase name="Authentication › should toggle between login and register modes" classname="features/auth.spec.ts" time="1.715">
</testcase>
<testcase name="Authentication › should show error message on failed login" classname="features/auth.spec.ts" time="1.594">
</testcase>
</testsuite>
<testsuite name="features/campaign_builder.spec.ts" timestamp="2026-06-11T08:44:58.486Z" hostname="chromium" tests="4" failures="0" skipped="0" time="14.425" errors="0">
<testcase name="Campaign Builder Flow › should show Create Campaign button on the campaign list page" classname="features/campaign_builder.spec.ts" time="3.298">
</testcase>
<testcase name="Campaign Builder Flow › should navigate from campaign list to the builder wizard" classname="features/campaign_builder.spec.ts" time="3.832">
</testcase>
<testcase name="Campaign Builder Flow › should display step 1 (Product Strategy) in the builder" classname="features/campaign_builder.spec.ts" time="3.211">
</testcase>
<testcase name="Campaign Builder Flow › should successfully complete the 4-step wizard and launch campaign" classname="features/campaign_builder.spec.ts" time="4.084">
</testcase>
</testsuite>
<testsuite name="features/dashboard.spec.ts" timestamp="2026-06-11T08:44:58.486Z" hostname="chromium" tests="2" failures="0" skipped="0" time="7.13" errors="0">
<testcase name="Campaign Dashboard › should display the campaigns list with mock data" classname="features/dashboard.spec.ts" time="3.636">
</testcase>
<testcase name="Campaign Dashboard › should show the Create Campaign button" classname="features/dashboard.spec.ts" time="3.494">
</testcase>
</testsuite>
<testsuite name="features/leads.spec.ts" timestamp="2026-06-11T08:44:58.486Z" hostname="chromium" tests="6" failures="0" skipped="0" time="21.098" errors="0">
<testcase name="Lead Table View › should display the leads heading" classname="features/leads.spec.ts" time="4.135">
</testcase>
<testcase name="Lead Table View › should render the lead table with mock data" classname="features/leads.spec.ts" time="3.162">
</testcase>
<testcase name="Lead Table View › should show the Upload CSV button" classname="features/leads.spec.ts" time="3.208">
</testcase>
<testcase name="Lead Table View › should show the Research All button" classname="features/leads.spec.ts" time="4.172">
</testcase>
<testcase name="Lead Table View › should have a search input" classname="features/leads.spec.ts" time="3.444">
</testcase>
<testcase name="Lead Table View › should filter leads via search" classname="features/leads.spec.ts" time="2.977">
</testcase>
</testsuite>
<testsuite name="features/live_flow.spec.ts" timestamp="2026-06-11T08:44:58.486Z" hostname="chromium" tests="1" failures="0" skipped="0" time="31.518" errors="1">
<testcase name="Live LangGraph Flow › should research a live website and draft an email" classname="features/live_flow.spec.ts" time="31.518">
<system-out>
<![CDATA[
[[ATTACHMENT|test-results/features-live_flow-Live-La-b02c9--website-and-draft-an-email-chromium/test-failed-1.png]]

[[ATTACHMENT|test-results/features-live_flow-Live-La-b02c9--website-and-draft-an-email-chromium/video.webm]]

[[ATTACHMENT|test-results/features-live_flow-Live-La-b02c9--website-and-draft-an-email-chromium/error-context.md]]
]]>
</system-out>
<error message="Test timeout of 30000ms exceeded." type="Error">
<![CDATA[  [chromium] › features/live_flow.spec.ts:10:3 › Live LangGraph Flow › should research a live website and draft an email 

    Test timeout of 30000ms exceeded.

    Error: expect(locator).toBeVisible() failed

    Locator: locator('table tbody tr').filter({ hasText: 'LangChain' }).first().locator('text=completed')
    Expected: visible
    Error: element(s) not found

    Call log:
      - Expect "toBeVisible" with timeout 60000ms
      - waiting for locator('table tbody tr').filter({ hasText: 'LangChain' }).first().locator('text=completed')


      46 |     // and the "Research" button will disappear. We can look for the text "completed" 
      47 |     // replacing "pending" in that row.
    > 48 |     await expect(row.locator('text=completed')).toBeVisible({ timeout: 60000 });
         |                                                 ^
      49 |
      50 |     // 4. Create a Campaign
      51 |     await page.goto('/campaigns/new');
        at /Volumes/APPLE HDD ST2000DM001 Media/Projects/personal_project/new_learning/outbound-engine/frontend/tests/e2e/features/live_flow.spec.ts:48:49

    attachment #1: screenshot (image/png) ──────────────────────────────────────────────────────────
    ../../test-results/features-live_flow-Live-La-b02c9--website-and-draft-an-email-chromium/test-failed-1.png
    ────────────────────────────────────────────────────────────────────────────────────────────────

    attachment #2: video (video/webm) ──────────────────────────────────────────────────────────────
    ../../test-results/features-live_flow-Live-La-b02c9--website-and-draft-an-email-chromium/video.webm
    ────────────────────────────────────────────────────────────────────────────────────────────────

    Error Context: ../../test-results/features-live_flow-Live-La-b02c9--website-and-draft-an-email-chromium/error-context.md
]]>
</error>
</testcase>
</testsuite>
<testsuite name="features/live_quick_draft.spec.ts" timestamp="2026-06-11T08:44:58.486Z" hostname="chromium" tests="1" failures="0" skipped="0" time="14.821" errors="0">
<testcase name="Live Quick Draft Feature › should scrape a real website and draft an email against the live backend" classname="features/live_quick_draft.spec.ts" time="14.821">
<system-out>
<![CDATA[=========================================
🔥 LIVE SCRAPE & DRAFT SUCCESSFUL! 🔥
=========================================
SUBJECT: Streamlining Agent Development with Automation
BODY:\n Hi Harrison, I saw that LangChain is working on building the future of agents and has already achieved 1 billion open source downloads. With OutboundEngine, your team can automate outreach and save around 10 hours a week, allowing more time to focus on developing reliable AI agents. This could be particularly useful for your team as you continue to iterate and improve LangSmith, your commercial agent engineering platform.
SIGNALS FOUND:\n SCRAPED SIGNALS
/: LangChain: Observe, Evaluate, and Deploy Reliable AI Agents Catch up on everything we shipped at Interrupt Explore the launches Try LangSmith Get a demo Powering the Agent Development Lifecycle Make e
/about: About LangChain: The Agent Engineering Platform Try LangSmith Get a demo Company We’re building the future of agents LangChain provides the agent engineering platform and open source frameworks develo
/blog: LangChain Blog Try LangSmith Get a demo Featured stories View Al...
]]>
</system-out>
</testcase>
</testsuite>
<testsuite name="features/quick_draft.spec.ts" timestamp="2026-06-11T08:44:58.486Z" hostname="chromium" tests="4" failures="0" skipped="0" time="10.76" errors="0">
<testcase name="Quick Draft Feature › Test 1: Happy path - scrape and draft" classname="features/quick_draft.spec.ts" time="2.345">
</testcase>
<testcase name="Quick Draft Feature › Test 2: Invalid URL - shows error" classname="features/quick_draft.spec.ts" time="2.484">
</testcase>
<testcase name="Quick Draft Feature › Test 3: Copy to clipboard" classname="features/quick_draft.spec.ts" time="2.987">
</testcase>
<testcase name="Quick Draft Feature › Test 4: Nav link exists and is reachable" classname="features/quick_draft.spec.ts" time="2.944">
</testcase>
</testsuite>
<testsuite name="features/review_queue.spec.ts" timestamp="2026-06-11T08:44:58.486Z" hostname="chromium" tests="1" failures="0" skipped="0" time="1.655" errors="0">
<testcase name="Email Review Queue › should navigate to the email review page for a campaign" classname="features/review_queue.spec.ts" time="1.655">
</testcase>
</testsuite>
</testsuites>